[0.011s] Invoking command in '/home/kaiii/sim-local-ws/src/sim_local/build/sim_local': /usr/bin/cmake /home/kaiii/sim-local-ws/src/sim_local -DCATKIN_INSTALL_INTO_PREFIX_ROOT=0 -DCMAKE_INSTALL_PREFIX=/home/kaiii/sim-local-ws/src/sim_local/install
[0.108s] -- The C compiler identification is GNU 11.4.0
[0.200s] -- The CXX compiler identification is GNU 11.4.0
[0.216s] -- Detecting C compiler ABI info
[0.353s] -- Detecting C compiler ABI info - done
[0.371s] -- Check for working C compiler: /usr/bin/cc - skipped
[0.372s] -- Detecting C compile features
[0.372s] -- Detecting C compile features - done
[0.377s] -- Detecting CXX compiler ABI info
[0.520s] -- Detecting CXX compiler ABI info - done
[0.538s] -- Check for working CXX compiler: /usr/bin/c++ - skipped
[0.539s] -- Detecting CXX compile features
[0.540s] -- Detecting CXX compile features - done
[0.549s] -- Found ament_cmake: 1.3.11 (/opt/ros/humble/share/ament_cmake/cmake)
[0.786s] -- Found Python3: /usr/bin/python3 (found version "3.10.12") found components: Interpreter 
[0.912s] -- Found rclcpp: 16.0.12 (/opt/ros/humble/share/rclcpp/cmake)
[0.957s] -- Found rosidl_generator_c: 3.1.6 (/opt/ros/humble/share/rosidl_generator_c/cmake)
[0.962s] -- Found rosidl_adapter: 3.1.6 (/opt/ros/humble/share/rosidl_adapter/cmake)
[0.970s] -- Found rosidl_generator_cpp: 3.1.6 (/opt/ros/humble/share/rosidl_generator_cpp/cmake)
[0.981s] -- Using all available rosidl_typesupport_c: rosidl_typesupport_fastrtps_c;rosidl_typesupport_introspection_c
[0.996s] -- Using all available rosidl_typesupport_cpp: rosidl_typesupport_fastrtps_cpp;rosidl_typesupport_introspection_cpp
[1.038s] -- Found rmw_implementation_cmake: 6.1.2 (/opt/ros/humble/share/rmw_implementation_cmake/cmake)
[1.041s] -- Found rmw_fastrtps_cpp: 6.2.7 (/opt/ros/humble/share/rmw_fastrtps_cpp/cmake)
[1.182s] -- Found OpenSSL: /usr/lib/x86_64-linux-gnu/libcrypto.so (found version "3.0.2")  
[1.218s] -- Found FastRTPS: /opt/ros/humble/include  
[1.271s] -- Using RMW implementation 'rmw_fastrtps_cpp' as default
[1.280s] -- Looking for pthread.h
[1.416s] -- Looking for pthread.h - found
[1.417s] -- Performing Test CMAKE_HAVE_LIBC_PTHREAD
[1.566s] -- Performing Test CMAKE_HAVE_LIBC_PTHREAD - Success
[1.568s] -- Found Threads: TRUE  
[1.635s] -- Found sensor_msgs: 4.8.0 (/opt/ros/humble/share/sensor_msgs/cmake)
[1.665s] -- Found nav_msgs: 4.8.0 (/opt/ros/humble/share/nav_msgs/cmake)
[1.681s] -- Found message_filters: 4.3.6 (/opt/ros/humble/share/message_filters/cmake)
[1.685s] -- Found pcl_conversions: 2.4.5 (/opt/ros/humble/share/pcl_conversions/cmake)
[1.717s] -- Checking for module 'eigen3'
[1.739s] --   Found eigen3, version 3.4.0
[1.792s] -- Found Eigen: /usr/include/eigen3 (Required is at least version "3.1") 
[1.792s] -- Eigen found (include: /usr/include/eigen3, version: 3.4.0)
[1.830s] -- Checking for module 'flann'
[1.852s] --   Found flann, version 1.9.1
[1.936s] -- Found FLANN: /usr/lib/x86_64-linux-gnu/libflann_cpp.so  
[1.937s] -- FLANN found (include: /usr/include, lib: /usr/lib/x86_64-linux-gnu/libflann_cpp.so)
[3.573s] -- Checking for module 'libusb-1.0'
[3.603s] --   Found libusb-1.0, version 1.0.25
[3.674s] -- Found libusb: /usr/lib/x86_64-linux-gnu/libusb-1.0.so  
[3.676s] -- OpenNI found (version: 1.5.4.0, include: /usr/include/ni, lib: /usr/lib/libOpenNI.so;libusb::libusb)
[3.792s] -- OpenNI2 found (version: 2.2.0.33, include: /usr/include/openni2, lib: /usr/lib/x86_64-linux-gnu/libOpenNI2.so;libusb::libusb)
[3.946s] -- Eigen found (include: /usr/include/eigen3, version: 3.4.0)
[3.952s] -- OpenNI found (version: 1.5.4.0, include: /usr/include/ni, lib: /usr/lib/libOpenNI.so;libusb::libusb)
[3.959s] -- OpenNI2 found (version: 2.2.0.33, include: /usr/include/openni2, lib: /usr/lib/x86_64-linux-gnu/libOpenNI2.so;libusb::libusb)
[4.094s] -- Found Qhull version 8.0.2
[4.282s] -- OpenNI found (version: 1.5.4.0, include: /usr/include/ni, lib: /usr/lib/libOpenNI.so;libusb::libusb)
[4.446s] -- Found PCL_COMMON: /usr/lib/x86_64-linux-gnu/libpcl_common.so  
[4.447s] -- Found PCL_KDTREE: /usr/lib/x86_64-linux-gnu/libpcl_kdtree.so  
[4.448s] -- Found PCL_OCTREE: /usr/lib/x86_64-linux-gnu/libpcl_octree.so  
[4.449s] -- Found PCL_SEARCH: /usr/lib/x86_64-linux-gnu/libpcl_search.so  
[4.450s] -- Found PCL_SAMPLE_CONSENSUS: /usr/lib/x86_64-linux-gnu/libpcl_sample_consensus.so  
[4.451s] -- Found PCL_FILTERS: /usr/lib/x86_64-linux-gnu/libpcl_filters.so  
[4.451s] -- Found PCL_2D: /usr/include/pcl-1.12  
[4.452s] -- Found PCL_GEOMETRY: /usr/include/pcl-1.12  
[4.453s] -- Found PCL_IO: /usr/lib/x86_64-linux-gnu/libpcl_io.so  
[4.454s] -- Found PCL_FEATURES: /usr/lib/x86_64-linux-gnu/libpcl_features.so  
[4.455s] -- Found PCL_ML: /usr/lib/x86_64-linux-gnu/libpcl_ml.so  
[4.455s] -- Found PCL_SEGMENTATION: /usr/lib/x86_64-linux-gnu/libpcl_segmentation.so  
[4.456s] -- Found PCL_VISUALIZATION: /usr/lib/x86_64-linux-gnu/libpcl_visualization.so  
[4.457s] -- Found PCL_SURFACE: /usr/lib/x86_64-linux-gnu/libpcl_surface.so  
[4.458s] -- Found PCL_REGISTRATION: /usr/lib/x86_64-linux-gnu/libpcl_registration.so  
[4.459s] -- Found PCL_KEYPOINTS: /usr/lib/x86_64-linux-gnu/libpcl_keypoints.so  
[4.460s] -- Found PCL_TRACKING: /usr/lib/x86_64-linux-gnu/libpcl_tracking.so  
[4.461s] -- Found PCL_RECOGNITION: /usr/lib/x86_64-linux-gnu/libpcl_recognition.so  
[4.462s] -- Found PCL_STEREO: /usr/lib/x86_64-linux-gnu/libpcl_stereo.so  
[4.463s] -- Found PCL_APPS: /usr/lib/x86_64-linux-gnu/libpcl_apps.so  
[4.464s] -- Found PCL_IN_HAND_SCANNER: /usr/include/pcl-1.12  
[4.464s] -- Found PCL_MODELER: /usr/include/pcl-1.12  
[4.464s] -- Found PCL_POINT_CLOUD_EDITOR: /usr/include/pcl-1.12  
[4.465s] -- Found PCL_OUTOFCORE: /usr/lib/x86_64-linux-gnu/libpcl_outofcore.so  
[4.466s] -- Found PCL_PEOPLE: /usr/lib/x86_64-linux-gnu/libpcl_people.so  
[4.468s] [33mCMake Warning (dev) at CMakeLists.txt:15 (find_package):
[4.468s]   Policy CMP0074 is not set: find_package uses <PackageName>_ROOT variables.
[4.468s]   Run "cmake --help-policy CMP0074" for policy details.  Use the cmake_policy
[4.468s]   command to set the policy and suppress this warning.
[4.468s] 
[4.469s]   CMake variable PCL_ROOT is set to:
[4.469s] 
[4.469s]     /usr
[4.469s] 
[4.469s]   For compatibility, CMake is ignoring the variable.
[4.469s] This warning is for project developers.  Use -Wno-dev to suppress it.
[4.469s] [0m
[4.478s] -- Found tf2: 0.25.12 (/opt/ros/humble/share/tf2/cmake)
[4.490s] -- Found tf2_ros: 0.25.12 (/opt/ros/humble/share/tf2_ros/cmake)
[4.633s] -- Found tf2_geometry_msgs: 0.25.12 (/opt/ros/humble/share/tf2_geometry_msgs/cmake)
[4.654s] -- Found eigen3_cmake_module: 0.1.1 (/opt/ros/humble/share/eigen3_cmake_module/cmake)
[4.655s] -- Found Eigen3: TRUE (found version "3.4.0") 
[4.655s] -- Ensuring Eigen3 include directory is part of orocos-kdl CMake target
[4.658s] -- Found tf2_sensor_msgs: 0.25.12 (/opt/ros/humble/share/tf2_sensor_msgs/cmake)
[4.663s] -- Found cv_bridge: 3.2.1 (/opt/ros/humble/share/cv_bridge/cmake)
[4.676s] -- Found OpenCV: /usr (found version "4.5.4") 
[4.743s] -- Configuring done
[4.756s] [31mCMake Error at CMakeLists.txt:37 (add_library):
[4.756s]   Cannot find source file:
[4.756s] 
[4.757s]     src/nuscenes_node.cpp
[4.757s] 
[4.757s]   Tried extensions .c .C .c++ .cc .cpp .cxx .cu .mpp .m .M .mm .ixx .cppm .h
[4.757s]   .hh .h++ .hm .hpp .hxx .in .txx .f .F .for .f77 .f90 .f95 .f03 .hip .ispc
[4.757s] 
[4.757s] [0m
[4.769s] [31mCMake Error at CMakeLists.txt:37 (add_library):
[4.770s]   No SOURCES given to target: localization_lib
[4.770s] 
[4.770s] [0m
[4.770s] [0mCMake Generate step failed.  Build files cannot be regenerated correctly.[0m
[4.796s] Invoked command in '/home/kaiii/sim-local-ws/src/sim_local/build/sim_local' returned '1': /usr/bin/cmake /home/kaiii/sim-local-ws/src/sim_local -DCATKIN_INSTALL_INTO_PREFIX_ROOT=0 -DCMAKE_INSTALL_PREFIX=/home/kaiii/sim-local-ws/src/sim_local/install
