[0.095s] DEBUG:colcon:Command line arguments: ['/usr/bin/colcon', 'build', '--merge-install', '--packages-select', 'sim_local']
[0.095s] DEBUG:colcon:Parsed command line arguments: Namespace(log_base=None, log_level=None, verb_name='build', build_base='build', install_base='install', merge_install=True, symlink_install=False, test_result_base=None, continue_on_error=False, executor='parallel', parallel_workers=36, event_handlers=None, ignore_user_meta=False, metas=['./colcon.meta'], base_paths=['.'], packages_ignore=None, packages_ignore_regex=None, paths=None, packages_up_to=None, packages_up_to_regex=None, packages_above=None, packages_above_and_dependencies=None, packages_above_depth=None, packages_select_by_dep=None, packages_skip_by_dep=None, packages_skip_up_to=None, packages_select_build_failed=False, packages_skip_build_finished=False, packages_select_test_failures=False, packages_skip_test_passed=False, packages_select=['sim_local'], packages_skip=None, packages_select_regex=None, packages_skip_regex=None, packages_start=None, packages_end=None, allow_overriding=[], cmake_args=None, cmake_target=None, cmake_target_skip_unavailable=False, cmake_clean_cache=False, cmake_clean_first=False, cmake_force_configure=False, ament_cmake_args=None, catkin_cmake_args=None, catkin_skip_building_tests=False, mixin_files=None, mixin=None, verb_parser=<colcon_mixin.mixin.mixin_argument.MixinArgumentDecorator object at 0x7dd00e8d1c30>, verb_extension=<colcon_core.verb.build.BuildVerb object at 0x7dd00e8d1600>, main=<bound method BuildVerb.main of <colcon_core.verb.build.BuildVerb object at 0x7dd00e8d1600>>, mixin_verb=('build',))
[0.301s] Level 1:colcon.colcon_core.package_discovery:discover_packages(colcon_meta) check parameters
[0.301s] Level 1:colcon.colcon_core.package_discovery:discover_packages(recursive) check parameters
[0.301s] Level 1:colcon.colcon_core.package_discovery:discover_packages(ignore) check parameters
[0.301s] Level 1:colcon.colcon_core.package_discovery:discover_packages(path) check parameters
[0.301s] Level 1:colcon.colcon_core.package_discovery:discover_packages(colcon_meta) discover
[0.301s] Level 1:colcon.colcon_core.package_discovery:discover_packages(recursive) discover
[0.301s] INFO:colcon.colcon_core.package_discovery:Crawling recursively for packages in '/home/kaiii/sim-local-ws/src/sim_local'
[0.301s] Level 1:colcon.colcon_core.package_identification:_identify(.) by extensions ['ignore', 'ignore_ament_install']
[0.301s] Level 1:colcon.colcon_core.package_identification:_identify(.) by extension 'ignore'
[0.301s] Level 1:colcon.colcon_core.package_identification:_identify(.) by extension 'ignore_ament_install'
[0.301s] Level 1:colcon.colcon_core.package_identification:_identify(.) by extensions ['colcon_pkg']
[0.301s] Level 1:colcon.colcon_core.package_identification:_identify(.) by extension 'colcon_pkg'
[0.301s] Level 1:colcon.colcon_core.package_identification:_identify(.) by extensions ['colcon_meta']
[0.301s] Level 1:colcon.colcon_core.package_identification:_identify(.) by extension 'colcon_meta'
[0.301s] Level 1:colcon.colcon_core.package_identification:_identify(.) by extensions ['ros']
[0.301s] Level 1:colcon.colcon_core.package_identification:_identify(.) by extension 'ros'
[0.314s] DEBUG:colcon.colcon_core.package_identification:Package '.' with type 'ros.catkin' and name 'sim_local'
[0.314s] Level 1:colcon.colcon_core.package_discovery:discover_packages(recursive) using defaults
[0.314s] Level 1:colcon.colcon_core.package_discovery:discover_packages(ignore) discover
[0.314s] Level 1:colcon.colcon_core.package_discovery:discover_packages(ignore) using defaults
[0.314s] Level 1:colcon.colcon_core.package_discovery:discover_packages(path) discover
[0.315s] Level 1:colcon.colcon_core.package_discovery:discover_packages(path) using defaults
[0.333s] Level 1:colcon.colcon_core.package_discovery:discover_packages(prefix_path) check parameters
[0.333s] Level 1:colcon.colcon_core.package_discovery:discover_packages(prefix_path) discover
[0.335s] DEBUG:colcon.colcon_installed_package_information.package_discovery:Found 1 installed packages in /home/kaiii/sim-local-ws/install
[0.335s] DEBUG:colcon.colcon_installed_package_information.package_discovery:Found 1 installed packages in /home/kaiii/sim-local-ws/src/install
[0.337s] DEBUG:colcon.colcon_installed_package_information.package_discovery:Found 658 installed packages in /opt/ros/humble
[0.341s] Level 1:colcon.colcon_core.package_discovery:discover_packages(prefix_path) using defaults
[0.394s] Level 5:colcon.colcon_core.verb:set package 'sim_local' build argument 'cmake_args' from command line to 'None'
[0.394s] Level 5:colcon.colcon_core.verb:set package 'sim_local' build argument 'cmake_target' from command line to 'None'
[0.394s] Level 5:colcon.colcon_core.verb:set package 'sim_local' build argument 'cmake_target_skip_unavailable' from command line to 'False'
[0.394s] Level 5:colcon.colcon_core.verb:set package 'sim_local' build argument 'cmake_clean_cache' from command line to 'False'
[0.394s] Level 5:colcon.colcon_core.verb:set package 'sim_local' build argument 'cmake_clean_first' from command line to 'False'
[0.394s] Level 5:colcon.colcon_core.verb:set package 'sim_local' build argument 'cmake_force_configure' from command line to 'False'
[0.394s] Level 5:colcon.colcon_core.verb:set package 'sim_local' build argument 'ament_cmake_args' from command line to 'None'
[0.394s] Level 5:colcon.colcon_core.verb:set package 'sim_local' build argument 'catkin_cmake_args' from command line to 'None'
[0.394s] Level 5:colcon.colcon_core.verb:set package 'sim_local' build argument 'catkin_skip_building_tests' from command line to 'False'
[0.394s] DEBUG:colcon.colcon_core.verb:Building package 'sim_local' with the following arguments: {'ament_cmake_args': None, 'build_base': '/home/kaiii/sim-local-ws/src/sim_local/build/sim_local', 'catkin_cmake_args': None, 'catkin_skip_building_tests': False, 'cmake_args': None, 'cmake_clean_cache': False, 'cmake_clean_first': False, 'cmake_force_configure': False, 'cmake_target': None, 'cmake_target_skip_unavailable': False, 'install_base': '/home/kaiii/sim-local-ws/src/sim_local/install', 'merge_install': True, 'path': '/home/kaiii/sim-local-ws/src/sim_local', 'symlink_install': False, 'test_result_base': None}
[0.394s] INFO:colcon.colcon_core.executor:Executing jobs using 'parallel' executor
[0.395s] DEBUG:colcon.colcon_parallel_executor.executor.parallel:run_until_complete
[0.395s] INFO:colcon.colcon_ros.task.catkin.build:Building ROS package in '/home/kaiii/sim-local-ws/src/sim_local' with build type 'catkin'
[0.396s] INFO:colcon.colcon_cmake.task.cmake.build:Building CMake package in '/home/kaiii/sim-local-ws/src/sim_local'
[0.397s] INFO:colcon.colcon_core.plugin_system:Skipping extension 'colcon_core.shell.bat': Not used on non-Windows systems
[0.397s] INFO:colcon.colcon_core.shell:Skip shell extension 'powershell' for command environment: Not usable outside of PowerShell
[0.397s] DEBUG:colcon.colcon_core.shell:Skip shell extension 'dsv' for command environment
[0.407s] DEBUG:colcon.colcon_core.event_handler.log_command:Invoking command in '/home/kaiii/sim-local-ws/src/sim_local/build/sim_local': /usr/bin/cmake /home/kaiii/sim-local-ws/src/sim_local -DCATKIN_INSTALL_INTO_PREFIX_ROOT=0 -DCMAKE_INSTALL_PREFIX=/home/kaiii/sim-local-ws/src/sim_local/install
[5.192s] DEBUG:colcon.colcon_core.event_handler.log_command:Invoked command in '/home/kaiii/sim-local-ws/src/sim_local/build/sim_local' returned '1': /usr/bin/cmake /home/kaiii/sim-local-ws/src/sim_local -DCATKIN_INSTALL_INTO_PREFIX_ROOT=0 -DCMAKE_INSTALL_PREFIX=/home/kaiii/sim-local-ws/src/sim_local/install
[5.210s] Level 1:colcon.colcon_core.environment:create_environment_scripts_only(sim_local)
[5.215s] Level 1:colcon.colcon_core.environment:checking '/home/kaiii/sim-local-ws/src/sim_local/install' for CMake module files
[5.215s] Level 1:colcon.colcon_core.environment:checking '/home/kaiii/sim-local-ws/src/sim_local/install' for CMake config files
[5.216s] Level 1:colcon.colcon_core.environment:checking '/home/kaiii/sim-local-ws/src/sim_local/install/bin'
[5.216s] Level 1:colcon.colcon_core.environment:checking '/home/kaiii/sim-local-ws/src/sim_local/install/lib/pkgconfig/sim_local.pc'
[5.217s] Level 1:colcon.colcon_core.environment:checking '/home/kaiii/sim-local-ws/src/sim_local/install/lib/python3.10/site-packages'
[5.217s] Level 1:colcon.colcon_core.environment:checking '/home/kaiii/sim-local-ws/src/sim_local/install/bin'
[5.218s] INFO:colcon.colcon_core.shell:Creating package script '/home/kaiii/sim-local-ws/src/sim_local/install/share/sim_local/package.ps1'
[5.220s] INFO:colcon.colcon_core.shell:Creating package descriptor '/home/kaiii/sim-local-ws/src/sim_local/install/share/sim_local/package.dsv'
[5.221s] INFO:colcon.colcon_core.shell:Creating package script '/home/kaiii/sim-local-ws/src/sim_local/install/share/sim_local/package.sh'
[5.222s] INFO:colcon.colcon_core.shell:Creating package script '/home/kaiii/sim-local-ws/src/sim_local/install/share/sim_local/package.bash'
[5.223s] INFO:colcon.colcon_core.shell:Creating package script '/home/kaiii/sim-local-ws/src/sim_local/install/share/sim_local/package.zsh'
[5.224s] Level 1:colcon.colcon_core.environment:create_file_with_runtime_dependencies(/home/kaiii/sim-local-ws/src/sim_local/install/share/colcon-core/packages/sim_local)
[5.235s] DEBUG:colcon.colcon_parallel_executor.executor.parallel:closing loop
[5.236s] DEBUG:colcon.colcon_parallel_executor.executor.parallel:loop closed
[5.236s] DEBUG:colcon.colcon_parallel_executor.executor.parallel:run_until_complete finished with '1'
[5.236s] DEBUG:colcon.colcon_core.event_reactor:joining thread
[5.243s] INFO:colcon.colcon_core.plugin_system:Skipping extension 'colcon_notification.desktop_notification.terminal_notifier': Not used on non-Darwin systems
[5.243s] INFO:colcon.colcon_core.plugin_system:Skipping extension 'colcon_notification.desktop_notification.win32': Not used on non-Windows systems
[5.243s] INFO:colcon.colcon_notification.desktop_notification:Sending desktop notification using 'notify2'
[5.250s] DEBUG:colcon.colcon_core.event_reactor:joined thread
[5.251s] INFO:colcon.colcon_core.shell:Creating prefix script '/home/kaiii/sim-local-ws/src/sim_local/install/local_setup.ps1'
[5.254s] INFO:colcon.colcon_core.shell:Creating prefix util module '/home/kaiii/sim-local-ws/src/sim_local/install/_local_setup_util_ps1.py'
[5.257s] INFO:colcon.colcon_core.shell:Creating prefix chain script '/home/kaiii/sim-local-ws/src/sim_local/install/setup.ps1'
[5.260s] INFO:colcon.colcon_core.shell:Creating prefix script '/home/kaiii/sim-local-ws/src/sim_local/install/local_setup.sh'
[5.261s] INFO:colcon.colcon_core.shell:Creating prefix util module '/home/kaiii/sim-local-ws/src/sim_local/install/_local_setup_util_sh.py'
[5.262s] INFO:colcon.colcon_core.shell:Creating prefix chain script '/home/kaiii/sim-local-ws/src/sim_local/install/setup.sh'
[5.264s] INFO:colcon.colcon_core.shell:Creating prefix script '/home/kaiii/sim-local-ws/src/sim_local/install/local_setup.bash'
[5.265s] INFO:colcon.colcon_core.shell:Creating prefix chain script '/home/kaiii/sim-local-ws/src/sim_local/install/setup.bash'
[5.267s] INFO:colcon.colcon_core.shell:Creating prefix script '/home/kaiii/sim-local-ws/src/sim_local/install/local_setup.zsh'
[5.268s] INFO:colcon.colcon_core.shell:Creating prefix chain script '/home/kaiii/sim-local-ws/src/sim_local/install/setup.zsh'
